<?xml version="1.0" encoding="UTF-8"?>
<testng-results ignored="0" total="1" passed="1" failed="0" skipped="0">
  <reporter-output>
  </reporter-output>
  <suite started-at="2024-09-14T16:16:19 IST" name="Default suite" finished-at="2024-09-14T16:16:28 IST" duration-ms="8187">
    <groups>
    </groups>
    <test started-at="2024-09-14T16:16:19 IST" name="Default test" finished-at="2024-09-14T16:16:28 IST" duration-ms="8187">
      <class name="Kamera.Transfer_fund">
        <test-method is-config="true" signature="testw()[pri:0, instance:Kamera.Transfer_fund@7ed7259e]" started-at="2024-09-14T16:16:19 IST" name="testw" finished-at="2024-09-14T16:16:28 IST" duration-ms="8117" status="PASS">
          <reporter-output>
          </reporter-output>
        </test-method> <!-- testw -->
        <test-method signature="f()[pri:0, instance:Kamera.Transfer_fund@7ed7259e]" started-at="2024-09-14T16:16:28 IST" name="f" finished-at="2024-09-14T16:16:28 IST" duration-ms="27" status="PASS">
          <reporter-output>
          </reporter-output>
        </test-method> <!-- f -->
      </class> <!-- Kamera.Transfer_fund -->
    </test> <!-- Default test -->
  </suite> <!-- Default suite -->
</testng-results>
